[0.031s] Invoking command in '/home/hadi/robotis_ws/build/open_manipulator_msgs': /usr/bin/cmake /home/hadi/robotis_ws/src/open_manipulator_msgs -DAMENT_CMAKE_SYMLINK_INSTALL=1 -DCMAKE_INSTALL_PREFIX=/home/hadi/robotis_ws/install/open_manipulator_msgs
[0.061s] CMake Error at CMakeLists.txt:18 (find_package):
[0.061s]   By not providing "Findament_cmake.cmake" in CMAKE_MODULE_PATH this project
[0.061s]   has asked CMake to find a package configuration file provided by
[0.061s]   "ament_cmake", but CMake did not find one.
[0.061s] 
[0.061s]   Could not find a package configuration file provided by "ament_cmake" with
[0.061s]   any of the following names:
[0.061s] 
[0.061s]     ament_cmakeConfig.cmake
[0.062s]     ament_cmake-config.cmake
[0.062s] 
[0.062s]   Add the installation prefix of "ament_cmake" to CMAKE_PREFIX_PATH or set
[0.062s]   "ament_cmake_DIR" to a directory containing one of the above files.  If
[0.062s]   "ament_cmake" provides a separate development package or SDK, be sure it
[0.062s]   has been installed.
[0.062s] 
[0.062s] 
[0.062s] -- Configuring incomplete, errors occurred!
[0.062s] See also "/home/hadi/robotis_ws/build/open_manipulator_msgs/CMakeFiles/CMakeOutput.log".
