[0.031s] Invoking command in '/home/hadi/robotis_ws/build/cmake_modules': /usr/bin/cmake /home/hadi/robotis_ws/src/open_manipulator_dependencies/cmake_modules -DAMENT_CMAKE_SYMLINK_INSTALL=1 -DCMAKE_INSTALL_PREFIX=/home/hadi/robotis_ws/install/cmake_modules
[0.060s] CMake Error at CMakeLists.txt:9 (find_package):
[0.060s]   By not providing "Findament_cmake.cmake" in CMAKE_MODULE_PATH this project
[0.061s]   has asked CMake to find a package configuration file provided by
[0.061s]   "ament_cmake", but CMake did not find one.
[0.061s] 
[0.061s]   Could not find a package configuration file provided by "ament_cmake" with
[0.061s]   any of the following names:
[0.061s] 
[0.062s]     ament_cmakeConfig.cmake
[0.062s]     ament_cmake-config.cmake
[0.062s] 
[0.062s]   Add the installation prefix of "ament_cmake" to CMAKE_PREFIX_PATH or set
[0.062s]   "ament_cmake_DIR" to a directory containing one of the above files.  If
[0.062s]   "ament_cmake" provides a separate development package or SDK, be sure it
[0.062s]   has been installed.
[0.062s] 
[0.063s] 
[0.063s] -- Configuring incomplete, errors occurred!
[0.063s] See also "/home/hadi/robotis_ws/build/cmake_modules/CMakeFiles/CMakeOutput.log".
[0.065s] Invoked command in '/home/hadi/robotis_ws/build/cmake_modules' returned '1': /usr/bin/cmake /home/hadi/robotis_ws/src/open_manipulator_dependencies/cmake_modules -DAMENT_CMAKE_SYMLINK_INSTALL=1 -DCMAKE_INSTALL_PREFIX=/home/hadi/robotis_ws/install/cmake_modules
