[0.055s] Invoking command in '/home/hadi/robotis_ws/build/dynamixel_sdk': /usr/bin/cmake /home/hadi/robotis_ws/src/DynamixelSDK/dynamixel_sdk -DAMENT_CMAKE_SYMLINK_INSTALL=1 -DCMAKE_INSTALL_PREFIX=/home/hadi/robotis_ws/install/dynamixel_sdk
[0.180s] -- The C compiler identification is GNU 7.5.0
[0.271s] -- The CXX compiler identification is GNU 7.5.0
[0.276s] -- Check for working C compiler: /usr/bin/cc
[0.397s] -- Check for working C compiler: /usr/bin/cc -- works
[0.398s] -- Detecting C compiler ABI info
[0.557s] -- Detecting C compiler ABI info - done
[0.566s] -- Detecting C compile features
[0.932s] -- Detecting C compile features - done
[0.936s] -- Check for working CXX compiler: /usr/bin/c++
[1.072s] -- Check for working CXX compiler: /usr/bin/c++ -- works
[1.074s] -- Detecting CXX compiler ABI info
[1.263s] -- Detecting CXX compiler ABI info - done
[1.274s] -- Detecting CXX compile features
[1.809s] -- Detecting CXX compile features - done
[1.818s] CMake Error at CMakeLists.txt:18 (find_package):
[1.818s]   By not providing "Findament_cmake.cmake" in CMAKE_MODULE_PATH this project
[1.819s]   has asked CMake to find a package configuration file provided by
[1.819s]   "ament_cmake", but CMake did not find one.
[1.819s] 
[1.819s]   Could not find a package configuration file provided by "ament_cmake" with
[1.820s]   any of the following names:
[1.820s] 
[1.820s]     ament_cmakeConfig.cmake
[1.820s]     ament_cmake-config.cmake
[1.820s] 
[1.820s]   Add the installation prefix of "ament_cmake" to CMAKE_PREFIX_PATH or set
[1.821s]   "ament_cmake_DIR" to a directory containing one of the above files.  If
[1.821s]   "ament_cmake" provides a separate development package or SDK, be sure it
[1.821s]   has been installed.
[1.821s] 
[1.821s] 
[1.821s] -- Configuring incomplete, errors occurred!
[1.821s] See also "/home/hadi/robotis_ws/build/dynamixel_sdk/CMakeFiles/CMakeOutput.log".
