[0.034s] Invoking command in '/home/hadi/robotis_ws/build/dynamixel_sdk': /usr/bin/cmake /home/hadi/robotis_ws/src/DynamixelSDK/dynamixel_sdk -DAMENT_CMAKE_SYMLINK_INSTALL=1 -DCMAKE_INSTALL_PREFIX=/home/hadi/robotis_ws/install/dynamixel_sdk
[0.067s] CMake Error at CMakeLists.txt:18 (find_package):
[0.067s]   By not providing "Findament_cmake.cmake" in CMAKE_MODULE_PATH this project
[0.067s]   has asked CMake to find a package configuration file provided by
[0.068s]   "ament_cmake", but CMake did not find one.
[0.068s] 
[0.068s]   Could not find a package configuration file provided by "ament_cmake" with
[0.068s]   any of the following names:
[0.068s] 
[0.068s]     ament_cmakeConfig.cmake
[0.068s]     ament_cmake-config.cmake
[0.069s] 
[0.069s]   Add the installation prefix of "ament_cmake" to CMAKE_PREFIX_PATH or set
[0.069s]   "ament_cmake_DIR" to a directory containing one of the above files.  If
[0.069s]   "ament_cmake" provides a separate development package or SDK, be sure it
[0.069s]   has been installed.
[0.070s] 
[0.070s] 
[0.071s] -- Configuring incomplete, errors occurred!
[0.071s] See also "/home/hadi/robotis_ws/build/dynamixel_sdk/CMakeFiles/CMakeOutput.log".
[0.075s] Invoked command in '/home/hadi/robotis_ws/build/dynamixel_sdk' returned '1': /usr/bin/cmake /home/hadi/robotis_ws/src/DynamixelSDK/dynamixel_sdk -DAMENT_CMAKE_SYMLINK_INSTALL=1 -DCMAKE_INSTALL_PREFIX=/home/hadi/robotis_ws/install/dynamixel_sdk
