[0.032s] Invoking command in '/home/hadi/robotis_ws/build/open_manipulator_x_description': /usr/bin/cmake /home/hadi/robotis_ws/src/open_manipulator/open_manipulator_x_description -DAMENT_CMAKE_SYMLINK_INSTALL=1 -DCMAKE_INSTALL_PREFIX=/home/hadi/robotis_ws/install/open_manipulator_x_description
[0.058s] CMake Error at CMakeLists.txt:18 (find_package):
[0.058s]   By not providing "Findament_cmake.cmake" in CMAKE_MODULE_PATH this project
[0.058s]   has asked CMake to find a package configuration file provided by
[0.058s]   "ament_cmake", but CMake did not find one.
[0.058s] 
[0.058s]   Could not find a package configuration file provided by "ament_cmake" with
[0.058s]   any of the following names:
[0.058s] 
[0.058s]     ament_cmakeConfig.cmake
[0.058s]     ament_cmake-config.cmake
[0.059s] 
[0.059s]   Add the installation prefix of "ament_cmake" to CMAKE_PREFIX_PATH or set
[0.059s]   "ament_cmake_DIR" to a directory containing one of the above files.  If
[0.059s]   "ament_cmake" provides a separate development package or SDK, be sure it
[0.059s]   has been installed.
[0.059s] 
[0.059s] 
[0.059s] -- Configuring incomplete, errors occurred!
[0.059s] See also "/home/hadi/robotis_ws/build/open_manipulator_x_description/CMakeFiles/CMakeOutput.log".
