[0.038s] Invoking command in '/home/hadi/robotis_ws/build/open_manipulator_x_description': /usr/bin/cmake /home/hadi/robotis_ws/src/open_manipulator/open_manipulator_x_description -DAMENT_CMAKE_SYMLINK_INSTALL=1 -DCMAKE_INSTALL_PREFIX=/home/hadi/robotis_ws/install/open_manipulator_x_description
[0.145s] -- The C compiler identification is GNU 7.5.0
[0.234s] -- The CXX compiler identification is GNU 7.5.0
[0.238s] -- Check for working C compiler: /usr/bin/cc
[0.399s] -- Check for working C compiler: /usr/bin/cc -- works
[0.400s] -- Detecting C compiler ABI info
[0.549s] -- Detecting C compiler ABI info - done
[0.563s] -- Detecting C compile features
[0.951s] -- Detecting C compile features - done
[0.954s] -- Check for working CXX compiler: /usr/bin/c++
[1.089s] -- Check for working CXX compiler: /usr/bin/c++ -- works
[1.090s] -- Detecting CXX compiler ABI info
[1.271s] -- Detecting CXX compiler ABI info - done
[1.280s] -- Detecting CXX compile features
[1.784s] -- Detecting CXX compile features - done
[1.793s] CMake Error at CMakeLists.txt:18 (find_package):
[1.793s]   By not providing "Findament_cmake.cmake" in CMAKE_MODULE_PATH this project
[1.794s]   has asked CMake to find a package configuration file provided by
[1.794s]   "ament_cmake", but CMake did not find one.
[1.794s] 
[1.794s]   Could not find a package configuration file provided by "ament_cmake" with
[1.794s]   any of the following names:
[1.794s] 
[1.794s]     ament_cmakeConfig.cmake
[1.794s]     ament_cmake-config.cmake
[1.795s] 
[1.795s]   Add the installation prefix of "ament_cmake" to CMAKE_PREFIX_PATH or set
[1.795s]   "ament_cmake_DIR" to a directory containing one of the above files.  If
[1.795s]   "ament_cmake" provides a separate development package or SDK, be sure it
[1.795s]   has been installed.
[1.795s] 
[1.795s] 
[1.795s] -- Configuring incomplete, errors occurred!
[1.795s] See also "/home/hadi/robotis_ws/build/open_manipulator_x_description/CMakeFiles/CMakeOutput.log".
