[0.044s] Invoking command in '/home/hadi/robotis_ws/build/cmake_modules': /usr/bin/cmake /home/hadi/robotis_ws/src/open_manipulator_dependencies/cmake_modules -DAMENT_CMAKE_SYMLINK_INSTALL=1 -DCMAKE_INSTALL_PREFIX=/home/hadi/robotis_ws/install/cmake_modules
[0.155s] -- The C compiler identification is GNU 7.5.0
[0.232s] -- The CXX compiler identification is GNU 7.5.0
[0.239s] -- Check for working C compiler: /usr/bin/cc
[0.376s] -- Check for working C compiler: /usr/bin/cc -- works
[0.377s] -- Detecting C compiler ABI info
[0.525s] -- Detecting C compiler ABI info - done
[0.535s] -- Detecting C compile features
[0.900s] -- Detecting C compile features - done
[0.904s] -- Check for working CXX compiler: /usr/bin/c++
[1.050s] -- Check for working CXX compiler: /usr/bin/c++ -- works
[1.051s] -- Detecting CXX compiler ABI info
[1.208s] -- Detecting CXX compiler ABI info - done
[1.220s] -- Detecting CXX compile features
[1.750s] -- Detecting CXX compile features - done
[1.763s] CMake Error at CMakeLists.txt:9 (find_package):
[1.764s]   By not providing "Findament_cmake.cmake" in CMAKE_MODULE_PATH this project
[1.764s]   has asked CMake to find a package configuration file provided by
[1.764s]   "ament_cmake", but CMake did not find one.
[1.765s] 
[1.765s]   Could not find a package configuration file provided by "ament_cmake" with
[1.765s]   any of the following names:
[1.765s] 
[1.765s]     ament_cmakeConfig.cmake
[1.766s]     ament_cmake-config.cmake
[1.766s] 
[1.766s]   Add the installation prefix of "ament_cmake" to CMAKE_PREFIX_PATH or set
[1.766s]   "ament_cmake_DIR" to a directory containing one of the above files.  If
[1.766s]   "ament_cmake" provides a separate development package or SDK, be sure it
[1.766s]   has been installed.
[1.766s] 
[1.766s] 
[1.767s] -- Configuring incomplete, errors occurred!
[1.767s] See also "/home/hadi/robotis_ws/build/cmake_modules/CMakeFiles/CMakeOutput.log".
[1.773s] Invoked command in '/home/hadi/robotis_ws/build/cmake_modules' returned '1': /usr/bin/cmake /home/hadi/robotis_ws/src/open_manipulator_dependencies/cmake_modules -DAMENT_CMAKE_SYMLINK_INSTALL=1 -DCMAKE_INSTALL_PREFIX=/home/hadi/robotis_ws/install/cmake_modules
