[0.038s] Invoking command in '/home/hadi/robotis_ws/build/open_manipulator_msgs': /usr/bin/cmake /home/hadi/robotis_ws/src/open_manipulator_msgs -DAMENT_CMAKE_SYMLINK_INSTALL=1 -DCMAKE_INSTALL_PREFIX=/home/hadi/robotis_ws/install/open_manipulator_msgs
[0.149s] -- The C compiler identification is GNU 7.5.0
[0.244s] -- The CXX compiler identification is GNU 7.5.0
[0.250s] -- Check for working C compiler: /usr/bin/cc
[0.407s] -- Check for working C compiler: /usr/bin/cc -- works
[0.408s] -- Detecting C compiler ABI info
[0.547s] -- Detecting C compiler ABI info - done
[0.560s] -- Detecting C compile features
[0.916s] -- Detecting C compile features - done
[0.921s] -- Check for working CXX compiler: /usr/bin/c++
[1.077s] -- Check for working CXX compiler: /usr/bin/c++ -- works
[1.078s] -- Detecting CXX compiler ABI info
[1.244s] -- Detecting CXX compiler ABI info - done
[1.250s] -- Detecting CXX compile features
[1.782s] -- Detecting CXX compile features - done
[1.792s] CMake Error at CMakeLists.txt:18 (find_package):
[1.793s]   By not providing "Findament_cmake.cmake" in CMAKE_MODULE_PATH this project
[1.793s]   has asked CMake to find a package configuration file provided by
[1.793s]   "ament_cmake", but CMake did not find one.
[1.793s] 
[1.793s]   Could not find a package configuration file provided by "ament_cmake" with
[1.794s]   any of the following names:
[1.794s] 
[1.794s]     ament_cmakeConfig.cmake
[1.794s]     ament_cmake-config.cmake
[1.794s] 
[1.794s]   Add the installation prefix of "ament_cmake" to CMAKE_PREFIX_PATH or set
[1.794s]   "ament_cmake_DIR" to a directory containing one of the above files.  If
[1.795s]   "ament_cmake" provides a separate development package or SDK, be sure it
[1.795s]   has been installed.
[1.795s] 
[1.795s] 
[1.795s] -- Configuring incomplete, errors occurred!
[1.796s] See also "/home/hadi/robotis_ws/build/open_manipulator_msgs/CMakeFiles/CMakeOutput.log".
